-------------------------------------------------------------------------------
Test set: com.example.s3.BasicOpsWithChecksumsTests
-------------------------------------------------------------------------------
Tests run: 5, Failures: 0, Errors: 5, Skipped: 0, Time elapsed: 6.799 s <<< FAILURE! - in com.example.s3.BasicOpsWithChecksumsTests
putObjectWithPrecalculatedChecksumTest  Time elapsed: 0 s  <<< ERROR!
java.lang.ExceptionInInitializerError
	at com.example.s3.BasicOpsWithChecksumsTests.<init>(BasicOpsWithChecksumsTests.java:20)
Caused by: software.amazon.awssdk.core.exception.SdkClientException: Unable to load region from any of the providers in the chain software.amazon.awssdk.regions.providers.DefaultAwsRegionProviderChain@47c40b56: [software.amazon.awssdk.regions.providers.SystemSettingsRegionProvider@53abfc07: Unable to load region from system settings. Region must be specified either via environment variable (AWS_REGION) or  system property (aws.region)., software.amazon.awssdk.regions.providers.AwsProfileRegionProvider@2c8c16c0: No region provided in profile: default, software.amazon.awssdk.regions.providers.InstanceProfileRegionProvider@80bfa9d: Unable to contact EC2 metadata service.]
	at com.example.s3.BasicOpsWithChecksumsTests.<init>(BasicOpsWithChecksumsTests.java:20)

putObjectWithChecksumTest  Time elapsed: 0 s  <<< ERROR!
java.lang.NoClassDefFoundError: Could not initialize class com.example.s3.BasicOpsWithChecksums
	at com.example.s3.BasicOpsWithChecksumsTests.<init>(BasicOpsWithChecksumsTests.java:20)
Caused by: java.lang.ExceptionInInitializerError: Exception software.amazon.awssdk.core.exception.SdkClientException: Unable to load region from any of the providers in the chain software.amazon.awssdk.regions.providers.DefaultAwsRegionProviderChain@47c40b56: [software.amazon.awssdk.regions.providers.SystemSettingsRegionProvider@53abfc07: Unable to load region from system settings. Region must be specified either via environment variable (AWS_REGION) or  system property (aws.region)., software.amazon.awssdk.regions.providers.AwsProfileRegionProvider@2c8c16c0: No region provided in profile: default, software.amazon.awssdk.regions.providers.InstanceProfileRegionProvider@80bfa9d: Unable to contact EC2 metadata service.] [in thread "main"]
	at com.example.s3.BasicOpsWithChecksumsTests.<init>(BasicOpsWithChecksumsTests.java:20)

multipartUploadWithChecksumTmTest  Time elapsed: 0 s  <<< ERROR!
java.lang.NoClassDefFoundError: Could not initialize class com.example.s3.BasicOpsWithChecksums
	at com.example.s3.BasicOpsWithChecksumsTests.<init>(BasicOpsWithChecksumsTests.java:20)
Caused by: java.lang.ExceptionInInitializerError: Exception software.amazon.awssdk.core.exception.SdkClientException: Unable to load region from any of the providers in the chain software.amazon.awssdk.regions.providers.DefaultAwsRegionProviderChain@47c40b56: [software.amazon.awssdk.regions.providers.SystemSettingsRegionProvider@53abfc07: Unable to load region from system settings. Region must be specified either via environment variable (AWS_REGION) or  system property (aws.region)., software.amazon.awssdk.regions.providers.AwsProfileRegionProvider@2c8c16c0: No region provided in profile: default, software.amazon.awssdk.regions.providers.InstanceProfileRegionProvider@80bfa9d: Unable to contact EC2 metadata service.] [in thread "main"]
	at com.example.s3.BasicOpsWithChecksumsTests.<init>(BasicOpsWithChecksumsTests.java:20)

getObjectWithChecksumTest  Time elapsed: 0 s  <<< ERROR!
java.lang.NoClassDefFoundError: Could not initialize class com.example.s3.BasicOpsWithChecksums
	at com.example.s3.BasicOpsWithChecksumsTests.<init>(BasicOpsWithChecksumsTests.java:20)
Caused by: java.lang.ExceptionInInitializerError: Exception software.amazon.awssdk.core.exception.SdkClientException: Unable to load region from any of the providers in the chain software.amazon.awssdk.regions.providers.DefaultAwsRegionProviderChain@47c40b56: [software.amazon.awssdk.regions.providers.SystemSettingsRegionProvider@53abfc07: Unable to load region from system settings. Region must be specified either via environment variable (AWS_REGION) or  system property (aws.region)., software.amazon.awssdk.regions.providers.AwsProfileRegionProvider@2c8c16c0: No region provided in profile: default, software.amazon.awssdk.regions.providers.InstanceProfileRegionProvider@80bfa9d: Unable to contact EC2 metadata service.] [in thread "main"]
	at com.example.s3.BasicOpsWithChecksumsTests.<init>(BasicOpsWithChecksumsTests.java:20)

multipartUploadWithChecksumS3ClientOne  Time elapsed: 0 s  <<< ERROR!
java.lang.NoClassDefFoundError: Could not initialize class com.example.s3.BasicOpsWithChecksums
	at com.example.s3.BasicOpsWithChecksumsTests.<init>(BasicOpsWithChecksumsTests.java:20)
Caused by: java.lang.ExceptionInInitializerError: Exception software.amazon.awssdk.core.exception.SdkClientException: Unable to load region from any of the providers in the chain software.amazon.awssdk.regions.providers.DefaultAwsRegionProviderChain@47c40b56: [software.amazon.awssdk.regions.providers.SystemSettingsRegionProvider@53abfc07: Unable to load region from system settings. Region must be specified either via environment variable (AWS_REGION) or  system property (aws.region)., software.amazon.awssdk.regions.providers.AwsProfileRegionProvider@2c8c16c0: No region provided in profile: default, software.amazon.awssdk.regions.providers.InstanceProfileRegionProvider@80bfa9d: Unable to contact EC2 metadata service.] [in thread "main"]
	at com.example.s3.BasicOpsWithChecksumsTests.<init>(BasicOpsWithChecksumsTests.java:20)

