<?xml version="1.0" encoding="UTF-8"?>
<testsuite xmlns:xsi="http://www.w3.org/2001/XMLSchema-instance" xsi:noNamespaceSchemaLocation="https://maven.apache.org/surefire/maven-surefire-plugin/xsd/surefire-test-report.xsd" name="AmazonS3Test" time="0.829" tests="1" errors="1" skipped="0" failures="0">
  <properties>
[...]
</properties>
  <testcase name="AmazonS3Test" classname="AmazonS3Test" time="0.828">
    <error message="Unable to load credentials from system settings. Access key must be specified either via environment variable (AWS_ACCESS_KEY_ID) or system property (aws.accessKeyId)." type="software.amazon.awssdk.core.exception.SdkClientException">software.amazon.awssdk.core.exception.SdkClientException: Unable to load credentials from system settings. Access key must be specified either via environment variable (AWS_ACCESS_KEY_ID) or system property (aws.accessKeyId).
	at AmazonS3Test.getSecretValues(AmazonS3Test.java:401)
	at AmazonS3Test.setUp(AmazonS3Test.java:116)
</error>
  </testcase>
</testsuite>